{"numFailedTestSuites":0,"numFailedTests":0,"numPassedTestSuites":4,"numPassedTests":9,"numPendingTestSuites":0,"numPendingTests":0,"numRuntimeErrorTestSuites":0,"numTodoTests":0,"numTotalTestSuites":4,"numTotalTests":9,"openHandles":[],"snapshot":{"added":0,"didUpdate":false,"failure":false,"filesAdded":0,"filesRemoved":0,"filesRemovedList":[],"filesUnmatched":0,"filesUpdated":0,"matched":0,"total":0,"unchecked":0,"uncheckedKeysByFile":[],"unmatched":0,"updated":0},"startTime":1597324413993,"success":true,"testResults":[{"assertionResults":[{"ancestorTitles":["staircases"],"failureMessages":[],"fullName":"staircases check for 1 and 2 climbs","location":null,"status":"passed","title":"check for 1 and 2 climbs"},{"ancestorTitles":["staircases"],"failureMessages":[],"fullName":"staircases check for 1, 3 and 5 climbs","location":null,"status":"passed","title":"check for 1, 3 and 5 climbs"}],"endTime":1597324416045,"message":"","name":"D:\\Git\\DailyCodingChallenge\\daily-coding-challenge\\challenges\\staircases\\main.spec.ts","startTime":1597324415197,"status":"passed","summary":""},{"assertionResults":[{"ancestorTitles":["addToSum"],"failureMessages":[],"fullName":"addToSum check with [3, 4, -1, 1]","location":null,"status":"passed","title":"check with [3, 4, -1, 1]"},{"ancestorTitles":["addToSum"],"failureMessages":[],"fullName":"addToSum check with [1,2,0]","location":null,"status":"passed","title":"check with [1,2,0]"},{"ancestorTitles":["addToSum"],"failureMessages":[],"fullName":"addToSum check with [-1,1,2,0,3,4,-9,10]","location":null,"status":"passed","title":"check with [-1,1,2,0,3,4,-9,10]"}],"endTime":1597324416045,"message":"","name":"D:\\Git\\DailyCodingChallenge\\daily-coding-challenge\\challenges\\addToSum\\main.spec.ts","startTime":1597324415181,"status":"passed","summary":""},{"assertionResults":[{"ancestorTitles":["firstMissingPositiveInt"],"failureMessages":[],"fullName":"firstMissingPositiveInt should return false given external link","location":null,"status":"passed","title":"should return false given external link"},{"ancestorTitles":["firstMissingPositiveInt"],"failureMessages":[],"fullName":"firstMissingPositiveInt should return true given internal link","location":null,"status":"passed","title":"should return true given internal link"}],"endTime":1597324416077,"message":"","name":"D:\\Git\\DailyCodingChallenge\\daily-coding-challenge\\challenges\\firstMissingPositiveInt\\main.spec.ts","startTime":1597324415190,"status":"passed","summary":""},{"assertionResults":[{"ancestorTitles":["template"],"failureMessages":[],"fullName":"template should return false given external link","location":null,"status":"passed","title":"should return false given external link"},{"ancestorTitles":["template"],"failureMessages":[],"fullName":"template should return true given internal link","location":null,"status":"passed","title":"should return true given internal link"}],"endTime":1597324416227,"message":"","name":"D:\\Git\\DailyCodingChallenge\\daily-coding-challenge\\challenges\\template\\main.spec.ts","startTime":1597324416080,"status":"passed","summary":""}],"wasInterrupted":false}